                                 Started job on |	May 26 09:30:28
                             Started mapping on |	May 26 09:30:28
                                    Finished on |	May 26 09:30:51
       Mapping speed, Million of reads per hour |	39.11

                          Number of input reads |	249894
                      Average input read length |	198
                                    UNIQUE READS:
                   Uniquely mapped reads number |	3
                        Uniquely mapped reads % |	0.00%
                          Average mapped length |	166.67
                       Number of splices: Total |	6
            Number of splices: Annotated (sjdb) |	0
                       Number of splices: GT/AG |	3
                       Number of splices: GC/AG |	1
                       Number of splices: AT/AC |	0
               Number of splices: Non-canonical |	2
                      Mismatch rate per base, % |	5.40%
                         Deletion rate per base |	0.00%
                        Deletion average length |	0.00
                        Insertion rate per base |	0.20%
                       Insertion average length |	1.00
                             MULTI-MAPPING READS:
        Number of reads mapped to multiple loci |	3
             % of reads mapped to multiple loci |	0.00%
        Number of reads mapped to too many loci |	0
             % of reads mapped to too many loci |	0.00%
                                  UNMAPPED READS:
  Number of reads unmapped: too many mismatches |	0
       % of reads unmapped: too many mismatches |	0.00%
            Number of reads unmapped: too short |	185
                 % of reads unmapped: too short |	0.07%
                Number of reads unmapped: other |	249703
                     % of reads unmapped: other |	99.92%
                                  CHIMERIC READS:
                       Number of chimeric reads |	0
                            % of chimeric reads |	0.00%
