                                 Started job on |	May 26 09:30:51
                             Started mapping on |	May 26 09:30:51
                                    Finished on |	May 26 09:30:53
       Mapping speed, Million of reads per hour |	26.99

                          Number of input reads |	14992
                      Average input read length |	199
                                    UNIQUE READS:
                   Uniquely mapped reads number |	0
                        Uniquely mapped reads % |	0.00%
                          Average mapped length |	0.00
                       Number of splices: Total |	0
            Number of splices: Annotated (sjdb) |	0
                       Number of splices: GT/AG |	0
                       Number of splices: GC/AG |	0
                       Number of splices: AT/AC |	0
               Number of splices: Non-canonical |	0
                      Mismatch rate per base, % |	-nan%
                         Deletion rate per base |	0.00%
                        Deletion average length |	0.00
                        Insertion rate per base |	0.00%
                       Insertion average length |	0.00
                             MULTI-MAPPING READS:
        Number of reads mapped to multiple loci |	0
             % of reads mapped to multiple loci |	0.00%
        Number of reads mapped to too many loci |	0
             % of reads mapped to too many loci |	0.00%
                                  UNMAPPED READS:
  Number of reads unmapped: too many mismatches |	0
       % of reads unmapped: too many mismatches |	0.00%
            Number of reads unmapped: too short |	6
                 % of reads unmapped: too short |	0.04%
                Number of reads unmapped: other |	14986
                     % of reads unmapped: other |	99.96%
                                  CHIMERIC READS:
                       Number of chimeric reads |	0
                            % of chimeric reads |	0.00%
