	STAR --runMode alignReads --genomeDir data/reference_genome/chr1_small_index --readFilesCommand zcat --limitBAMsortRAM 100000000000 --readFilesIn out/fastq.trim/RNA_0006_5598_Tumeur_R1_val_1.fq.gz out/fastq.trim/RNA_0006_5598_Tumeur_R2_val_2.fq.gz --outSAMtype BAM SortedByCoordinate --sjdbOverhang 99 --outFilterMultimapNmax 100 --outReadsUnmapped None --quantMode GeneCounts --sjdbGTFfile data/reference_genome/gencode.v43.primary_assembly.annotation_small.gtf --runThreadN 12 --outFileNamePrefix out//alignments/RNA_0006_5598_Tumeur_
	STAR version: 2.7.10b   compiled: 2022-11-01T09:53:26-04:00 :/home/dobin/data/STAR/STARcode/STAR.master/source
May 26 09:30:28 ..... started STAR run
May 26 09:30:28 ..... loading genome
May 26 09:30:28 ..... processing annotations GTF
May 26 09:30:28 ..... inserting junctions into the genome indices
May 26 09:30:28 ..... started mapping
May 26 09:30:51 ..... finished mapping
May 26 09:30:51 ..... started sorting BAM
May 26 09:30:51 ..... finished successfully
	STAR --runMode alignReads --genomeDir data/reference_genome/chr1_small_index --readFilesCommand zcat --limitBAMsortRAM 100000000000 --readFilesIn out/fastq.trim/RNA_0009_5268_Sain_R1_val_1.fq.gz out/fastq.trim/RNA_0009_5268_Sain_R2_val_2.fq.gz --outSAMtype BAM SortedByCoordinate --sjdbOverhang 99 --outFilterMultimapNmax 100 --outReadsUnmapped None --quantMode GeneCounts --sjdbGTFfile data/reference_genome/gencode.v43.primary_assembly.annotation_small.gtf --runThreadN 12 --outFileNamePrefix out//alignments/RNA_0009_5268_Sain_
	STAR version: 2.7.10b   compiled: 2022-11-01T09:53:26-04:00 :/home/dobin/data/STAR/STARcode/STAR.master/source
May 26 09:30:51 ..... started STAR run
May 26 09:30:51 ..... loading genome
May 26 09:30:51 ..... processing annotations GTF
May 26 09:30:51 ..... inserting junctions into the genome indices
May 26 09:30:51 ..... started mapping
May 26 09:30:53 ..... finished mapping
May 26 09:30:53 ..... started sorting BAM
May 26 09:30:53 ..... finished successfully
